<?xml version="1.0" encoding="UTF-8"?>
<!-- Generated by org.testng.reporters.JUnitXMLReporter -->
<testsuite ignored="8" hostname="MUMNEWLAPTOP429" failures="0" tests="1" name="Default test" time="6.494" errors="0" timestamp="2025-06-20T16:45:08 IST">
  <testcase classname="test.CheckoutTest" name="completeCheckoutSuccessfully" time="2.631"/>
  <testcase classname="test.CheckoutTest" name="backToCartFromCheckoutStepOne" time="0.0">
    <ignored/>
  </testcase> <!-- backToCartFromCheckoutStepOne -->
  <testcase classname="test.CheckoutTest" name="checkoutMissingFirstName" time="0.0">
    <ignored/>
  </testcase> <!-- checkoutMissingFirstName -->
  <testcase classname="test.CheckoutTest" name="verifyTaxCalculation" time="0.0">
    <ignored/>
  </testcase> <!-- verifyTaxCalculation -->
  <testcase classname="test.CheckoutTest" name="invalidPostalCodeFormat" time="0.0">
    <ignored/>
  </testcase> <!-- invalidPostalCodeFormat -->
  <testcase classname="test.CheckoutTest" name="checkoutMissingPostalCode" time="0.0">
    <ignored/>
  </testcase> <!-- checkoutMissingPostalCode -->
  <testcase classname="test.CheckoutTest" name="checkoutMissingLastName" time="0.0">
    <ignored/>
  </testcase> <!-- checkoutMissingLastName -->
  <testcase classname="test.CheckoutTest" name="cancelCheckoutOnOverviewPage" time="0.0">
    <ignored/>
  </testcase> <!-- cancelCheckoutOnOverviewPage -->
  <testcase classname="test.CheckoutTest" name="cancelCheckoutOnStep1" time="0.0">
    <ignored/>
  </testcase> <!-- cancelCheckoutOnStep1 -->
</testsuite> <!-- Default test -->
