<?xml version="1.0" encoding="UTF-8"?>
<!-- Generated by org.testng.reporters.JUnitXMLReporter -->
<testsuite ignored="0" hostname="MUMNEWLAPTOP429" failures="1" tests="30" name="Test" time="131.147" errors="0" timestamp="2025-06-20T16:18:54 IST">
  <testcase classname="test.CartTest" name="backButtonFromCart" time="0.008"/>
  <testcase classname="test.CartTest" name="cartQuantityUpdateTest" time="0.001"/>
  <testcase classname="test.CartTest" name="validateItemNamesInCart" time="0.001"/>
  <testcase classname="test.SortTest" name="sortByNameAToZ" time="0.001"/>
  <testcase classname="test.SortTest" name="sortByNameZToA" time="0.0"/>
  <testcase classname="test.SortTest" name="sortByPriceHighToLow" time="0.001"/>
  <testcase classname="test.SortTest" name="sortByPriceLowToHigh" time="0.96"/>
  <testcase classname="test.LoginTest" name="glitchUserLogin" time="6.016"/>
  <testcase classname="test.LoginTest" name="invalidLoginBlankFields" time="0.789"/>
  <testcase classname="test.LoginTest" name="invalidLoginWrongPassword" time="0.982"/>
  <testcase classname="test.LoginTest" name="lockedOutUserLogin" time="0.824"/>
  <testcase classname="test.LoginTest" name="problemUserLogin" time="0.903"/>
  <testcase classname="test.LoginTest" name="validLoginStandardUser" time="1.06"/>
  <testcase classname="test.AddToCartTest" name="addMultipleItemsToCart" time="1.504"/>
  <testcase classname="test.AddToCartTest" name="addSingleItemToCart" time="1.626"/>
  <testcase classname="test.AddToCartTest" name="cartIconShouldShowItemCount" time="0.002"/>
  <testcase classname="test.AddToCartTest" name="navigateBackToInventoryFromCart" time="1.112"/>
  <testcase classname="test.AddToCartTest" name="removeItemFromCart" time="1.655"/>
  <testcase classname="test.CheckoutTest" name="backToCartFromCheckoutStepOne" time="0.001"/>
  <testcase classname="test.CheckoutTest" name="cancelCheckoutOnOverviewPage" time="0.001"/>
  <testcase classname="test.CheckoutTest" name="cancelCheckoutOnStep1" time="0.001"/>
  <testcase classname="test.CheckoutTest" name="checkoutMissingFirstName" time="0.001"/>
  <testcase classname="test.CheckoutTest" name="checkoutMissingLastName" time="0.0"/>
  <testcase classname="test.CheckoutTest" name="checkoutMissingPostalCode" time="0.002"/>
  <testcase classname="test.CheckoutTest" name="completeCheckoutSuccessfully" time="4.091"/>
  <testcase classname="test.CheckoutTest" name="invalidPostalCodeFormat" time="0.002"/>
  <testcase classname="test.CheckoutTest" name="verifyTaxCalculation" time="0.001"/>
  <testcase classname="test.LogoutTest" name="accessProtectedPageAfterLogout" time="0.001"/>
  <testcase classname="test.LogoutTest" name="loginAfterLogout" time="0.001"/>
  <testcase classname="test.LogoutTest" name="logoutFromInventoryPage" time="1.063">
    <failure type="org.openqa.selenium.ElementNotInteractableException" message="element not interactable
  (Session info: chrome=137.0.7151.104)
Build info: version: &amp;apos;4.31.0&amp;apos;, revision: &amp;apos;1ef9f18787*&amp;apos;
System info: os.name: &amp;apos;Windows 10&amp;apos;, os.arch: &amp;apos;amd64&amp;apos;, os.version: &amp;apos;10.0&amp;apos;, java.version: &amp;apos;21.0.6&amp;apos;
Driver info: org.openqa.selenium.chrome.ChromeDriver
Command: [5174052f93c67c409b39d567ec11e1f0, clickElement {id=f.171D52E0F9A32E63CA0E4B29D968DB3B.d.D428AC19C87D1CBB0AC5F3979F924CA8.e.29}]
Capabilities {acceptInsecureCerts: false, browserName: chrome, browserVersion: 137.0.7151.104, chrome: {chromedriverVersion: 137.0.7151.119 (e0ac9d12dff..., userDataDir: C:\Users\PSURYA~1\AppData\L...}, fedcm:accounts: true, goog:chromeOptions: {debuggerAddress: localhost:54357}, networkConnectionEnabled: false, pageLoadStrategy: normal, platformName: windows, proxy: Proxy(), se:cdp: ws://localhost:54357/devtoo..., se:cdpVersion: 137.0.7151.104, setWindowRect: true, strictFileInteractability: false, timeouts: {implicit: 0, pageLoad: 300000, script: 30000}, unhandledPromptBehavior: dismiss and notify, webauthn:extension:credBlob: true, webauthn:extension:largeBlob: true, webauthn:extension:minPinLength: true, webauthn:extension:prf: true, webauthn:virtualAuthenticators: true}
Element: [[ChromeDriver: chrome on windows (5174052f93c67c409b39d567ec11e1f0)] -&amp;gt; id: logout_sidebar_link]
Session ID: 5174052f93c67c409b39d567ec11e1f0">
      <![CDATA[org.openqa.selenium.ElementNotInteractableException: element not interactable
  (Session info: chrome=137.0.7151.104)
Build info: version: '4.31.0', revision: '1ef9f18787*'
System info: os.name: 'Windows 10', os.arch: 'amd64', os.version: '10.0', java.version: '21.0.6'
Driver info: org.openqa.selenium.chrome.ChromeDriver
Command: [5174052f93c67c409b39d567ec11e1f0, clickElement {id=f.171D52E0F9A32E63CA0E4B29D968DB3B.d.D428AC19C87D1CBB0AC5F3979F924CA8.e.29}]
Capabilities {acceptInsecureCerts: false, browserName: chrome, browserVersion: 137.0.7151.104, chrome: {chromedriverVersion: 137.0.7151.119 (e0ac9d12dff..., userDataDir: C:\Users\PSURYA~1\AppData\L...}, fedcm:accounts: true, goog:chromeOptions: {debuggerAddress: localhost:54357}, networkConnectionEnabled: false, pageLoadStrategy: normal, platformName: windows, proxy: Proxy(), se:cdp: ws://localhost:54357/devtoo..., se:cdpVersion: 137.0.7151.104, setWindowRect: true, strictFileInteractability: false, timeouts: {implicit: 0, pageLoad: 300000, script: 30000}, unhandledPromptBehavior: dismiss and notify, webauthn:extension:credBlob: true, webauthn:extension:largeBlob: true, webauthn:extension:minPinLength: true, webauthn:extension:prf: true, webauthn:virtualAuthenticators: true}
Element: [[ChromeDriver: chrome on windows (5174052f93c67c409b39d567ec11e1f0)] -> id: logout_sidebar_link]
Session ID: 5174052f93c67c409b39d567ec11e1f0
at org.openqa.selenium.remote.ErrorCodec.decode(ErrorCodec.java:167)
at org.openqa.selenium.remote.codec.w3c.W3CHttpResponseCodec.decode(W3CHttpResponseCodec.java:138)
at org.openqa.selenium.remote.codec.w3c.W3CHttpResponseCodec.decode(W3CHttpResponseCodec.java:50)
at org.openqa.selenium.remote.HttpCommandExecutor.execute(HttpCommandExecutor.java:215)
at org.openqa.selenium.remote.service.DriverCommandExecutor.invokeExecute(DriverCommandExecutor.java:216)
at org.openqa.selenium.remote.service.DriverCommandExecutor.execute(DriverCommandExecutor.java:174)
at org.openqa.selenium.remote.RemoteWebDriver.execute(RemoteWebDriver.java:545)
at org.openqa.selenium.remote.RemoteWebElement.execute(RemoteWebElement.java:223)
at org.openqa.selenium.remote.RemoteWebElement.click(RemoteWebElement.java:76)
at org.openqa.selenium.support.pagefactory.internal.LocatingElementHandler.invoke(LocatingElementHandler.java:51)
at jdk.proxy2/jdk.proxy2.$Proxy12.click(Unknown Source)
at pages.HeaderPage.logout(HeaderPage.java:24)
at test.LogoutTest.logoutFromInventoryPage(LogoutTest.java:14)
at java.base/java.util.ArrayList.forEach(ArrayList.java:1596)
... Removed 30 stack frames]]>
    </failure>
  </testcase> <!-- logoutFromInventoryPage -->
</testsuite> <!-- Test -->
